Start
Build=2.1.2436 (16 September 2021)
DXVersion=12.0.0
GameDistributor=GOG
Not installed - english, try to switch to russian
Visual C++ 2010 (x86) found
Visual C++ 2010 (x64) found
VC++ 2008 (RTM) found
VC 8.0 SP1 ATL Patch (x86) found
VC 9.0 RTM (x86) found
VC 9.0 SP1 (x86) found
Operating system=Windows 8 build 6.2.9200  [x64]
Processor=AMD Ryzen 5 2600 Six-Core Processor (12 cores)
CPU Clock=3422 MHz
Physical Memory Total=16332 MB
Physical Memory Available=10886 MB
Page File Total=23756 MB
Page File Available=12721 MB
Virtual Memory Total=4095 MB
Virtual Memory Available=3991 MB
Cache Size=393216 KB
Loading configuration files.... ok!
Creating window.... ok!
Sound interfaces are:
- Первичный звуковой драйвер
- Динамики (Realtek(R) Audio)
- Realtek Digital Output (Realtek(R) Audio)
Selected interface: 2 channels at 44100 Hz, 16 bit 
Initializing sound.... ok!
Loading libvorbisfile.dll....ok!
Pre-fetching music.... ok!
Initializing DX9.... ok!
Videocard=Radeon(TM) RX 460 Graphics
Driver=aticfx32.dll
Max Texture Size=16384x16384
Desktop Resolution=1920x1080
Available Resolutions=1024x768, 1152x864, 1280x720, 1280x800, 1280x1024, 1366x768, 1400x1050, 1440x900, 1600x900, 1680x1050, 1920x1080
Initializing Direct3D device... ok!
Available Video Memory=4169728 KB
Available Video Memory Override=262144 KB
Display Mode=1920x1080 75Hz
Sound=True
Music=True
fLoad... ok
fPanelLoad... ok
Load MatrixGame.dll .... ok
Robot.Support()=0
music\1c.dat
Physical memory usage is increasing (5671 MB)
Memory Info
Physical Memory:
Used=5807392 KB
Available=10917060 KB
Total=16724452 KB
Virtual Memory:
Used=499748 KB
Available=3694428 KB
Total=4194176 KB
Cache Size=188534 KB
Textures Cache Size=0 KB
music\logo.dat
music\snk.dat
fPanelLoad... ok
fMainForm... ok
fPlanetQuest... ok
fLoad... ok
fPanelLoad... ok
fGameSettings2... ok
fIntroduction... ok
Rescaling Bm.PanelMain2.2BG... ok
fPanelMain... ok
fPanelPlanet... ok
fPanelRuins... ok
fPanelLoad... ok
fHangar... ok
fPanelMain... ok
fPanelPlanet... ok
fPanelLoad... ok
fPlanet... ok
fPanelMain... ok
fPanelLoad... ok
fPlanetNO... ok
fPanelMain... ok
fPanelRuins... ok
fPanelLoad... ok
fRuinsTalk... ok
ab_MainForm... ok
fPanelLoad... ok
fPanelMain... ok
fPanelPlanet... ok
fPanelRuins... ok
fPanelLoad... ok
fEquipmentShop... ok
fPanelMain... ok
fPanelPlanet... ok
fPanelRuins... ok
fPanelLoad... ok
fGoodsShop2... ok
fPanelMain... ok
fPanelPlanet... ok
fPanelLoad... ok
fGov... ok
fPanelMain... ok
fPanelPlanet... ok
fPanelRuins... ok
fPanelLoad... ok
fInfo... ok
fPanelMain... ok
fRewards... ok
fPanelMain... ok
fShip2... ok
fScaner... ok
fPanelMain... ok
fPanelLoad... ok
fStarMap... ok
fFilm... ok
fPanelMain... ok
fGalaxy2... ok
fPanelLoad... ok
fJump... ok
fSaveManager... ok
fGameLoad... ok
fPanelLoad... ok
fGameMenu... ok
fCfgSettings... ok
fGameEnd... ok
fAbout... ok
fScore... ok
fSelectFace... ok
fPanelMain... ok
fJournal... ok
fPanelLoad... ok
fLoadRobot... ok
fPanelLoad... ok
fLoadQuest... ok
fLoadAB... ok
fAchievements... ok
music\rev\theo_running_away.dat
Rescaling Bm.FormMain2.2AnimMain... ok
music\rev\nikinit_meteorit_rain.dat
music\fly\fly12.dat
music\special\spaceiscalling.dat
Rescaling Bm.FormRuins.2WBbg... ok
Rescaling Bm.FormGov2.2TWinB... ok
Rescaling Bm.FormGov2.2TWin... ok
Rescaling Bm.FormInfo3.2BG... ok
Rescaling Bm.FormShop2.2bg... ok
Rescaling Bm.FormShop2.2Peleng... ok
music\planet\weapon.dat
Virtual memory usage is increasing (794 MB)
Memory Info
Physical Memory:
Used=5981436 KB
Available=10743016 KB
Total=16724452 KB
Virtual Memory:
Used=813080 KB
Available=3381096 KB
Total=4194176 KB
Cache Size=209609 KB
Textures Cache Size=77794 KB
music\special\spaceiscalling.dat
music\planet\weapon.dat
music\fly\hyperdream2.dat
music\planet\fei1.dat
Rescaling Bm.City.Fei... ok
Rescaling Bm.Gov.2FeiBGi... ok
music\fly\hyperdream2.dat
music\planet\weapon.dat
Rescaling Bm.City.Peleng... ok
Rescaling Bm.Gov.2PelengBGi... ok
music\rev\nikinit_two_stars.dat
Physical memory usage is increasing (5929 MB)
Memory Info
Physical Memory:
Used=6072236 KB
Available=10652216 KB
Total=16724452 KB
Virtual Memory:
Used=848748 KB
Available=3345428 KB
Total=4194176 KB
Cache Size=259349 KB
Textures Cache Size=116443 KB
music\planet\people.dat
Rescaling Bm.City.People... ok
Rescaling Bm.FormShop2.2People... ok
Rescaling Bm.Gov.2PeopleBGi... ok
music\planet\people.dat
music\rev\theo_running_away.dat
music\planet\people.dat
music\rev\nikinit_two_stars.dat
music\fly\theo-inside.dat
Rescaling Bm.FormRuins.2BKbg... ok
music\rev\nikinit_polet.dat
music\rev\malloc_pirate.dat
Rescaling Bm.City.MalocPirate... ok
Rescaling Bm.Gov.MalocPirateBG... ok
music\rev\malloc_pirate.dat
music\rev\theo_waiting_for_you.dat
music\rev\nikinit_two_stars.dat
music\battle\fight2.dat
music\rev\malloc_pirate.dat
music\rev\nikinit_illusion.dat
Rescaling Bm.FormPQuest2.2S2... ok
Rescaling Bm.FormPQuest2.2Panel... ok
music\rev\nikinit_pulsar.dat
music\special\outroden.dat
music\rev\your_favourite_spaceship.dat
music\rev\nikinit_flight_to_the_moon.dat
music\rev\nikinit_pulsar.dat
music\rev\nikinit_illuminator.dat
music\quests\gladiator.dat
music\rev\nikinit_two_stars.dat
Physical memory usage is increasing (6190 MB)
Memory Info
Physical Memory:
Used=6338588 KB
Available=10385864 KB
Total=16724452 KB
Virtual Memory:
Used=1016648 KB
Available=3177528 KB
Total=4194176 KB
Cache Size=346714 KB
Textures Cache Size=204477 KB
music\battle\boy1.dat
music\rev\nikinit_two_stars.dat
music\battle\boy1.dat
music\special\hymn.dat
Rescaling Bm.FormEnd2.PanelBottom... ok
Rescaling Bm.FormEnd2.PanelTop... ok
Virtual memory usage is increasing (1055 MB)
Memory Info
Physical Memory:
Used=6140648 KB
Available=10583804 KB
Total=16724452 KB
Virtual Memory:
Used=1080600 KB
Available=3113576 KB
Total=4194176 KB
Cache Size=362815 KB
Textures Cache Size=16294 KB
music\rev\malloc_pirate.dat
music\rev\malloc_pirate.dat
music\rev\theo_waiting_for_you.dat
music\rev\nikinit_two_stars.dat
Physical memory usage is increasing (6448 MB)
Memory Info
Physical Memory:
Used=6605564 KB
Available=10118888 KB
Total=16724452 KB
Virtual Memory:
Used=1036972 KB
Available=3157204 KB
Total=4194176 KB
Cache Size=363306 KB
Textures Cache Size=171589 KB
music\rev\malloc_pirate.dat
music\rev\nikinit_two_stars.dat
music\rev\nikinit_fighter.dat
music\rev\nikinit_two_stars.dat
music\rev\nikinit_fighter.dat
music\planet\malloc4.dat
Rescaling Bm.Gov.2MalocBGi... ok
Rescaling Bm.City.Maloc... ok
music\planet\malloc4.dat
music\fly\beyond_reach.dat
music\rev\nikinit_through_the_stars.dat
music\fly\theo-inside.dat
music\fly\longway.dat
music\planet\gaal.dat
Rescaling Bm.City.Gaal... ok
music\planet\gaal.dat
music\fly\beyond_reach.dat
Physical memory usage is decreasing (6191 MB)
Memory Info
Physical Memory:
Used=6339828 KB
Available=10384624 KB
Total=16724452 KB
Virtual Memory:
Used=1118284 KB
Available=3075892 KB
Total=4194176 KB
Cache Size=387536 KB
Textures Cache Size=5058 KB
music\planet\gaal.dat
music\planet\gaal.dat
music\fly\beyond_reach.dat
music\planet\gaal.dat
music\planet\gaal.dat
music\fly\longway.dat
Rescaling Bm.Gov.2GaalBGi... ok
Rescaling Bm.FormShop2.2Gaal... ok
music\planet\gaal.dat
music\fly\fly12.dat
music\planet\weapon.dat
music\fly\starflight.dat
music\special\outroden.dat
Rescaling Bm.FormRuins.2MCbg... ok
music\fly\starflight.dat
music\special\spaceiscalling.dat
Rescaling Bm.FormRuins.2WBbg... ok
Rescaling Bm.FormShop2.2Peleng... ok
music\fly\starflight.dat
music\special\spaceiscalling.dat
music\fly\trash.dat
music\planet\fei1.dat
Rescaling Bm.City.Fei... ok
Rescaling Bm.Gov.2FeiBGi... ok
music\fly\trash.dat
music\planet\fei1.dat
music\rev\nikinit_pulsar.dat
music\planet\gaal.dat
music\fly\fly12.dat
music\fly\theo-inside.dat
Rescaling Bm.FormShop2.2People... ok
music\rev\engine_warming.dat
music\planet\malloc4.dat
music\rev\theo_just_listen.dat
music\planet\malloc4.dat
Rescaling Bm.FormInfo3.2BG... ok
music\rev\theo_just_listen.dat
music\rev\nikinit_pulsar.dat
music\special\outroden.dat
Rescaling Bm.FormRuins.2SBbg... ok
Rescaling Bm.FormShop2.2Fei... ok
music\rev\nikinit_wandering_warrior.dat
music\planet\malloc4.dat
music\fly\awakening.dat
music\battle\boy1.dat
Physical memory usage is increasing (6450 MB)
Memory Info
Physical Memory:
Used=6607552 KB
Available=10116900 KB
Total=16724452 KB
Virtual Memory:
Used=1218832 KB
Available=2975344 KB
Total=4194176 KB
Cache Size=385130 KB
Textures Cache Size=176170 KB
music\fly\fly3.dat
music\planet\weapon.dat
music\fly\starflight.dat
music\rev\nikinit_fighter.dat
Physical memory usage is decreasing (6186 MB)
Memory Info
Physical Memory:
Used=6335324 KB
Available=10389128 KB
Total=16724452 KB
Virtual Memory:
Used=1152616 KB
Available=3041560 KB
Total=4194176 KB
Cache Size=392950 KB
Textures Cache Size=0 KB
music\planet\gaal.dat
music\fly\awakening.dat
music\battle\fight2.dat
music\special\hymn.dat
Rescaling Bm.FormEnd2.PanelBottom... ok
Rescaling Bm.FormEnd2.PanelTop... ok
music\planet\gaal.dat
music\planet\gaal.dat
music\rev\theo_running_away.dat
music\planet\gaal.dat
music\fly\awakening.dat
music\battle\boy1.dat
music\special\hymn.dat
music\planet\gaal.dat
music\planet\gaal.dat
music\special\hymn.dat
music\fly\awakening.dat
music\battle\fight2.dat
music\fly\starflight.dat
Physical memory usage is increasing (6447 MB)
Memory Info
Physical Memory:
Used=6601404 KB
Available=10123048 KB
Total=16724452 KB
Virtual Memory:
Used=1161052 KB
Available=3033124 KB
Total=4194176 KB
Cache Size=389264 KB
Textures Cache Size=196846 KB
music\planet\gaal.dat
music\fly\awakening.dat
music\fly\theo-inside.dat
music\rev\nikinit_pulsar.dat
Physical memory usage is decreasing (6164 MB)
Memory Info
Physical Memory:
Used=6312272 KB
Available=10412180 KB
Total=16724452 KB
Virtual Memory:
Used=1132300 KB
Available=3061876 KB
Total=4194176 KB
Cache Size=370059 KB
Textures Cache Size=0 KB
music\planet\weapon.dat
Rescaling Bm.FormShop2.2Peleng... ok
music\fly\theo-inside.dat
music\fly\theo-inside.dat
music\rev\theo_waiting_for_you.dat
music\planet\people.dat
music\rev\nikinit_polet.dat
music\planet\weapon.dat
music\rev\nikinit_polet.dat
music\planet\people.dat
Rescaling Bm.City.People... ok
music\fly\hyperdream2.dat
music\planet\weapon.dat
music\rev\theo_just_listen.dat
music\fly\theo-inside.dat
music\rev\nikinit_wandering_warrior.dat
music\planet\malloc4.dat
music\rev\nikinit_pulsar.dat
music\special\spaceiscalling.dat
Rescaling Bm.FormRuins.2PBbg... ok
music\rev\wen_children_of_eltan.dat
music\planet\malloc4.dat
music\rev\wen_children_of_eltan.dat
music\planet\malloc4.dat
music\rev\wen_children_of_eltan.dat
music\fly\theo-inside.dat
music\rev\nikinit_star_trooper.dat
music\planet\gaal.dat
music\fly\fly3.dat
music\planet\gaal.dat
music\rev\theo_running_away.dat
Rescaling Bm.FormMain2.2AnimMain... ok
